                                      1 ;--------------------------------------------------------
                                      2 ; File Created by SDCC : free open source ISO C Compiler 
                                      3 ; Version 4.3.2 #14228 (MINGW64)
                                      4 ;--------------------------------------------------------
                                      5 	.module input
                                      6 	.optsdcc -msm83
                                      7 	
                                      8 ;--------------------------------------------------------
                                      9 ; Public variables in this module
                                     10 ;--------------------------------------------------------
                                     11 	.globl _joypad
                                     12 	.globl _pad_curr
                                     13 	.globl _pad_prev
                                     14 	.globl _InputJustPressed
                                     15 	.globl _InputRead
                                     16 ;--------------------------------------------------------
                                     17 ; special function registers
                                     18 ;--------------------------------------------------------
                                     19 ;--------------------------------------------------------
                                     20 ; ram data
                                     21 ;--------------------------------------------------------
                                     22 	.area _DATA
      000000                         23 _pad_prev::
      000000                         24 	.ds 1
      000001                         25 _pad_curr::
      000001                         26 	.ds 1
                                     27 ;--------------------------------------------------------
                                     28 ; ram data
                                     29 ;--------------------------------------------------------
                                     30 	.area _INITIALIZED
                                     31 ;--------------------------------------------------------
                                     32 ; absolute external ram data
                                     33 ;--------------------------------------------------------
                                     34 	.area _DABS (ABS)
                                     35 ;--------------------------------------------------------
                                     36 ; global & static initialisations
                                     37 ;--------------------------------------------------------
                                     38 	.area _HOME
                                     39 	.area _GSINIT
                                     40 	.area _GSFINAL
                                     41 	.area _GSINIT
                                     42 ;--------------------------------------------------------
                                     43 ; Home
                                     44 ;--------------------------------------------------------
                                     45 	.area _HOME
                                     46 	.area _HOME
                                     47 ;--------------------------------------------------------
                                     48 ; code
                                     49 ;--------------------------------------------------------
                                     50 	.area _CODE
                                     51 ;src/input.c:7: BOOLEAN InputJustPressed(uint8_t button){
                                     52 ;	---------------------------------
                                     53 ; Function InputJustPressed
                                     54 ; ---------------------------------
      000000                         55 _InputJustPressed::
      000000 4F               [ 4]   56 	ld	c, a
                                     57 ;src/input.c:8: return (pad_curr != (pad_prev && button));
      000001 FAr00r00         [16]   58 	ld	a, (#_pad_prev)
      000004 B7               [ 4]   59 	or	a, a
      000005 28 04            [12]   60 	jr	Z, 00103$
      000007 79               [ 4]   61 	ld	a, c
      000008 B7               [ 4]   62 	or	a, a
      000009 20 04            [12]   63 	jr	NZ, 00104$
      00000B                         64 00103$:
      00000B 06 00            [ 8]   65 	ld	b, #0x00
      00000D 18 02            [12]   66 	jr	00105$
      00000F                         67 00104$:
      00000F 06 01            [ 8]   68 	ld	b, #0x01
      000011                         69 00105$:
      000011 FAr01r00         [16]   70 	ld	a, (#_pad_curr)
      000014 90               [ 4]   71 	sub	a, b
      000015 3E 01            [ 8]   72 	ld	a, #0x01
      000017 28 01            [12]   73 	jr	Z, 00114$
      000019 AF               [ 4]   74 	xor	a, a
      00001A                         75 00114$:
      00001A EE 01            [ 8]   76 	xor	a, #0x01
                                     77 ;src/input.c:9: }
      00001C C9               [16]   78 	ret
                                     79 ;src/input.c:11: void InputRead(void){
                                     80 ;	---------------------------------
                                     81 ; Function InputRead
                                     82 ; ---------------------------------
      00001D                         83 _InputRead::
                                     84 ;src/input.c:12: pad_prev = pad_curr;
      00001D FAr01r00         [16]   85 	ld	a, (#_pad_curr)
      000020 EAr00r00         [16]   86 	ld	(#_pad_prev),a
                                     87 ;src/input.c:13: pad_curr = joypad();
      000023 CDr00r00         [24]   88 	call	_joypad
      000026 EAr01r00         [16]   89 	ld	(#_pad_curr),a
                                     90 ;src/input.c:14: }
      000029 C9               [16]   91 	ret
                                     92 	.area _CODE
                                     93 	.area _INITIALIZER
                                     94 	.area _CABS (ABS)
